<?xml version="1.0" encoding="UTF-8"?>
<!-- Generated by org.testng.reporters.JUnitReportReporter -->
<testsuite hostname="DESKTOP-5J36R0S" failures="0" tests="6" name="org.herokuapp.api.ApiE2ETesting" time="7.452" errors="0" timestamp="2022-02-03T16:06:19 EET" skipped="0">
  <testcase classname="org.herokuapp.api.ApiE2ETesting" name="UC01_postNewAdvertisement" time="3.784"/>
  <system-out/>
  <testcase classname="org.herokuapp.api.ApiE2ETesting" name="UC06_validateUpdatedAdvertisement" time="0.715"/>
  <system-out/>
  <testcase classname="org.herokuapp.api.ApiE2ETesting" name="UC04_getOnlyOneAdd" time="0.701"/>
  <system-out/>
  <testcase classname="org.herokuapp.api.ApiE2ETesting" name="UC03_getAllAdvertisement" time="0.736"/>
  <system-out/>
  <testcase classname="org.herokuapp.api.ApiE2ETesting" name="UC02_validatePostedNewAdvertisement" time="0.800"/>
  <system-out/>
  <testcase classname="org.herokuapp.api.ApiE2ETesting" name="UC05_updateAdvertisement" time="0.716"/>
  <system-out/>
</testsuite> <!-- org.herokuapp.api.ApiE2ETesting -->
