<?xml version="1.0" encoding="UTF-8"?>
<!-- Generated by org.testng.reporters.JUnitReportReporter -->
<testsuite hostname="DESKTOP-5J36R0S" failures="0" tests="2" name="org.herokuapp.webuitests.HomeTests" time="0.153" errors="0" timestamp="2022-02-03T16:45:19 EET" skipped="0">
  <testcase classname="org.herokuapp.webuitests.HomeTests" name="UC01_validateAdvertisementTableIsDisplayed" time="0.070"/>
  <system-out/>
  <testcase classname="org.herokuapp.webuitests.HomeTests" name="UC02_validateAddNewAdvertisementButtonIsEnabled" time="0.083"/>
  <system-out/>
</testsuite> <!-- org.herokuapp.webuitests.HomeTests -->
