<?xml version="1.0" encoding="UTF-8"?>
<!-- Generated by org.testng.reporters.JUnitReportReporter -->
<testsuite hostname="DESKTOP-5J36R0S" failures="0" tests="7" name="org.herokuapp.webuitests.NewAddTests" time="4.697" errors="0" timestamp="2022-02-03T16:45:19 EET" skipped="0">
  <testcase classname="org.herokuapp.webuitests.NewAddTests" name="UC03_validateNameLimitsWarning" time="0.671"/>
  <system-out/>
  <testcase classname="org.herokuapp.webuitests.NewAddTests" name="UC01_validatePageTitle" time="0.156"/>
  <system-out/>
  <testcase classname="org.herokuapp.webuitests.NewAddTests" name="UC04_validateNameIsMandatory" time="0.250"/>
  <system-out/>
  <testcase classname="org.herokuapp.webuitests.NewAddTests" name="UC06_validateSaveButtonIsDisabledWithInvalidParam" time="1.008"/>
  <system-out/>
  <testcase classname="org.herokuapp.webuitests.NewAddTests" name="UC07_validateSaveButtonIsEnabledWitValidParam" time="0.814"/>
  <system-out/>
  <testcase classname="org.herokuapp.webuitests.NewAddTests" name="UC02_validateNameLimitsCounter" time="1.198"/>
  <system-out/>
  <testcase classname="org.herokuapp.webuitests.NewAddTests" name="UC05_validatePriceSchema" time="0.600"/>
  <system-out/>
</testsuite> <!-- org.herokuapp.webuitests.NewAddTests -->
