<?xml version="1.0" encoding="UTF-8"?>
<!-- Generated by org.testng.reporters.JUnitReportReporter -->
<testsuite hostname="DESKTOP-5J36R0S" failures="0" tests="1" name="org.herokuapp.webuitests.UiE2ETesting" time="10.547" errors="0" timestamp="2022-02-03T16:45:19 EET" skipped="0">
  <testcase classname="org.herokuapp.webuitests.UiE2ETesting" name="UC01_AddingNewAdd_Happy" time="10.547"/>
  <system-out/>
</testsuite> <!-- org.herokuapp.webuitests.UiE2ETesting -->
